CRITICAL - 2020-08-08 10:56:10 --> Invalid file: public/index.php/listeClientNonSalarie.php
#0 /opt/lampp/htdocs/mesprojets/banquepeupleCodeIgniter/system/View/View.php(228): CodeIgniter\Exceptions\FrameworkException::forInvalidFile('public/index.ph...')
#1 /opt/lampp/htdocs/mesprojets/banquepeupleCodeIgniter/system/Common.php(1119): CodeIgniter\View\View->render('public/index.ph...', Array, true)
#2 /opt/lampp/htdocs/mesprojets/banquepeupleCodeIgniter/app/Controllers/ClientNonSalarieController.php(39): view('public/index.ph...')
#3 /opt/lampp/htdocs/mesprojets/banquepeupleCodeIgniter/system/CodeIgniter.php(918): App\Controllers\ClientNonSalarieController->addClientNonSalarie()
#4 /opt/lampp/htdocs/mesprojets/banquepeupleCodeIgniter/system/CodeIgniter.php(404): CodeIgniter\CodeIgniter->runController(Object(App\Controllers\ClientNonSalarieController))
#5 /opt/lampp/htdocs/mesprojets/banquepeupleCodeIgniter/system/CodeIgniter.php(312): CodeIgniter\CodeIgniter->handleRequest(NULL, Object(Config\Cache), false)
#6 /opt/lampp/htdocs/mesprojets/banquepeupleCodeIgniter/public/index.php(45): CodeIgniter\CodeIgniter->run()
#7 {main}
CRITICAL - 2020-08-08 10:57:34 --> Undefined variable: clientNonSalarie
#0 /opt/lampp/htdocs/mesprojets/banquepeupleCodeIgniter/app/Views/listeClientNonSalarie.php(31): CodeIgniter\Debug\Exceptions->errorHandler(8, 'Undefined varia...', '/opt/lampp/htdo...', 31, Array)
#1 /opt/lampp/htdocs/mesprojets/banquepeupleCodeIgniter/system/View/View.php(246): include('/opt/lampp/htdo...')
#2 /opt/lampp/htdocs/mesprojets/banquepeupleCodeIgniter/system/Common.php(1119): CodeIgniter\View\View->render('listeClientNonS...', Array, true)
#3 /opt/lampp/htdocs/mesprojets/banquepeupleCodeIgniter/app/Controllers/ClientNonSalarieController.php(39): view('listeClientNonS...')
#4 /opt/lampp/htdocs/mesprojets/banquepeupleCodeIgniter/system/CodeIgniter.php(918): App\Controllers\ClientNonSalarieController->addClientNonSalarie()
#5 /opt/lampp/htdocs/mesprojets/banquepeupleCodeIgniter/system/CodeIgniter.php(404): CodeIgniter\CodeIgniter->runController(Object(App\Controllers\ClientNonSalarieController))
#6 /opt/lampp/htdocs/mesprojets/banquepeupleCodeIgniter/system/CodeIgniter.php(312): CodeIgniter\CodeIgniter->handleRequest(NULL, Object(Config\Cache), false)
#7 /opt/lampp/htdocs/mesprojets/banquepeupleCodeIgniter/public/index.php(45): CodeIgniter\CodeIgniter->run()
#8 {main}
CRITICAL - 2020-08-08 10:59:04 --> Undefined variable: clientNonSalarie
#0 /opt/lampp/htdocs/mesprojets/banquepeupleCodeIgniter/app/Views/listeClientNonSalarie.php(31): CodeIgniter\Debug\Exceptions->errorHandler(8, 'Undefined varia...', '/opt/lampp/htdo...', 31, Array)
#1 /opt/lampp/htdocs/mesprojets/banquepeupleCodeIgniter/system/View/View.php(246): include('/opt/lampp/htdo...')
#2 /opt/lampp/htdocs/mesprojets/banquepeupleCodeIgniter/system/Common.php(1119): CodeIgniter\View\View->render('listeClientNonS...', Array, true)
#3 /opt/lampp/htdocs/mesprojets/banquepeupleCodeIgniter/app/Controllers/ClientNonSalarieController.php(39): view('listeClientNonS...')
#4 /opt/lampp/htdocs/mesprojets/banquepeupleCodeIgniter/system/CodeIgniter.php(918): App\Controllers\ClientNonSalarieController->addClientNonSalarie()
#5 /opt/lampp/htdocs/mesprojets/banquepeupleCodeIgniter/system/CodeIgniter.php(404): CodeIgniter\CodeIgniter->runController(Object(App\Controllers\ClientNonSalarieController))
#6 /opt/lampp/htdocs/mesprojets/banquepeupleCodeIgniter/system/CodeIgniter.php(312): CodeIgniter\CodeIgniter->handleRequest(NULL, Object(Config\Cache), false)
#7 /opt/lampp/htdocs/mesprojets/banquepeupleCodeIgniter/public/index.php(45): CodeIgniter\CodeIgniter->run()
#8 {main}
CRITICAL - 2020-08-08 13:02:33 --> Undefined variable: clientNonSalarie
#0 /opt/lampp/htdocs/mesprojets/banquepeupleCodeIgniter/app/Views/listeClientNonSalarie.php(31): CodeIgniter\Debug\Exceptions->errorHandler(8, 'Undefined varia...', '/opt/lampp/htdo...', 31, Array)
#1 /opt/lampp/htdocs/mesprojets/banquepeupleCodeIgniter/system/View/View.php(246): include('/opt/lampp/htdo...')
#2 /opt/lampp/htdocs/mesprojets/banquepeupleCodeIgniter/system/Common.php(1119): CodeIgniter\View\View->render('listeClientNonS...', Array, true)
#3 /opt/lampp/htdocs/mesprojets/banquepeupleCodeIgniter/app/Controllers/ClientNonSalarieController.php(39): view('listeClientNonS...')
#4 /opt/lampp/htdocs/mesprojets/banquepeupleCodeIgniter/system/CodeIgniter.php(918): App\Controllers\ClientNonSalarieController->addClientNonSalarie()
#5 /opt/lampp/htdocs/mesprojets/banquepeupleCodeIgniter/system/CodeIgniter.php(404): CodeIgniter\CodeIgniter->runController(Object(App\Controllers\ClientNonSalarieController))
#6 /opt/lampp/htdocs/mesprojets/banquepeupleCodeIgniter/system/CodeIgniter.php(312): CodeIgniter\CodeIgniter->handleRequest(NULL, Object(Config\Cache), false)
#7 /opt/lampp/htdocs/mesprojets/banquepeupleCodeIgniter/public/index.php(45): CodeIgniter\CodeIgniter->run()
#8 {main}
CRITICAL - 2020-08-08 13:11:56 --> Table 'banquepeupleCodeIgniter.users' doesn't exist
#0 /opt/lampp/htdocs/mesprojets/banquepeupleCodeIgniter/system/Database/MySQLi/Connection.php(331): mysqli->query('SELECT *\nFROM `...')
#1 /opt/lampp/htdocs/mesprojets/banquepeupleCodeIgniter/system/Database/BaseConnection.php(741): CodeIgniter\Database\MySQLi\Connection->execute('SELECT *\nFROM `...')
#2 /opt/lampp/htdocs/mesprojets/banquepeupleCodeIgniter/system/Database/BaseConnection.php(669): CodeIgniter\Database\BaseConnection->simpleQuery('SELECT *\nFROM `...')
#3 /opt/lampp/htdocs/mesprojets/banquepeupleCodeIgniter/system/Database/BaseBuilder.php(1860): CodeIgniter\Database\BaseConnection->query('SELECT *\nFROM `...', Array, false)
#4 /opt/lampp/htdocs/mesprojets/banquepeupleCodeIgniter/system/Model.php(462): CodeIgniter\Database\BaseBuilder->get()
#5 /opt/lampp/htdocs/mesprojets/banquepeupleCodeIgniter/app/Controllers/Users.php(13): CodeIgniter\Model->findAll()
#6 /opt/lampp/htdocs/mesprojets/banquepeupleCodeIgniter/system/CodeIgniter.php(918): App\Controllers\Users->index()
#7 /opt/lampp/htdocs/mesprojets/banquepeupleCodeIgniter/system/CodeIgniter.php(404): CodeIgniter\CodeIgniter->runController(Object(App\Controllers\Users))
#8 /opt/lampp/htdocs/mesprojets/banquepeupleCodeIgniter/system/CodeIgniter.php(312): CodeIgniter\CodeIgniter->handleRequest(NULL, Object(Config\Cache), false)
#9 /opt/lampp/htdocs/mesprojets/banquepeupleCodeIgniter/public/index.php(45): CodeIgniter\CodeIgniter->run()
#10 {main}
CRITICAL - 2020-08-08 13:29:28 --> Undefined index: name
#0 /opt/lampp/htdocs/mesprojets/banquepeupleCodeIgniter/app/Views/users.php(33): CodeIgniter\Debug\Exceptions->errorHandler(8, 'Undefined index...', '/opt/lampp/htdo...', 33, Array)
#1 /opt/lampp/htdocs/mesprojets/banquepeupleCodeIgniter/system/View/View.php(246): include('/opt/lampp/htdo...')
#2 /opt/lampp/htdocs/mesprojets/banquepeupleCodeIgniter/system/Common.php(1119): CodeIgniter\View\View->render('users', Array, true)
#3 /opt/lampp/htdocs/mesprojets/banquepeupleCodeIgniter/app/Controllers/Users.php(15): view('users', Array)
#4 /opt/lampp/htdocs/mesprojets/banquepeupleCodeIgniter/system/CodeIgniter.php(918): App\Controllers\Users->index()
#5 /opt/lampp/htdocs/mesprojets/banquepeupleCodeIgniter/system/CodeIgniter.php(404): CodeIgniter\CodeIgniter->runController(Object(App\Controllers\Users))
#6 /opt/lampp/htdocs/mesprojets/banquepeupleCodeIgniter/system/CodeIgniter.php(312): CodeIgniter\CodeIgniter->handleRequest(NULL, Object(Config\Cache), false)
#7 /opt/lampp/htdocs/mesprojets/banquepeupleCodeIgniter/public/index.php(45): CodeIgniter\CodeIgniter->run()
#8 {main}
CRITICAL - 2020-08-08 13:32:20 --> Undefined variable: client
#0 /opt/lampp/htdocs/mesprojets/banquepeupleCodeIgniter/app/Views/users.php(34): CodeIgniter\Debug\Exceptions->errorHandler(8, 'Undefined varia...', '/opt/lampp/htdo...', 34, Array)
#1 /opt/lampp/htdocs/mesprojets/banquepeupleCodeIgniter/system/View/View.php(246): include('/opt/lampp/htdo...')
#2 /opt/lampp/htdocs/mesprojets/banquepeupleCodeIgniter/system/Common.php(1119): CodeIgniter\View\View->render('users', Array, true)
#3 /opt/lampp/htdocs/mesprojets/banquepeupleCodeIgniter/app/Controllers/Users.php(15): view('users', Array)
#4 /opt/lampp/htdocs/mesprojets/banquepeupleCodeIgniter/system/CodeIgniter.php(918): App\Controllers\Users->index()
#5 /opt/lampp/htdocs/mesprojets/banquepeupleCodeIgniter/system/CodeIgniter.php(404): CodeIgniter\CodeIgniter->runController(Object(App\Controllers\Users))
#6 /opt/lampp/htdocs/mesprojets/banquepeupleCodeIgniter/system/CodeIgniter.php(312): CodeIgniter\CodeIgniter->handleRequest(NULL, Object(Config\Cache), false)
#7 /opt/lampp/htdocs/mesprojets/banquepeupleCodeIgniter/public/index.php(45): CodeIgniter\CodeIgniter->run()
#8 {main}
CRITICAL - 2020-08-08 13:33:00 --> Undefined variable: user
#0 /opt/lampp/htdocs/mesprojets/banquepeupleCodeIgniter/app/Views/users.php(40): CodeIgniter\Debug\Exceptions->errorHandler(8, 'Undefined varia...', '/opt/lampp/htdo...', 40, Array)
#1 /opt/lampp/htdocs/mesprojets/banquepeupleCodeIgniter/system/View/View.php(246): include('/opt/lampp/htdo...')
#2 /opt/lampp/htdocs/mesprojets/banquepeupleCodeIgniter/system/Common.php(1119): CodeIgniter\View\View->render('users', Array, true)
#3 /opt/lampp/htdocs/mesprojets/banquepeupleCodeIgniter/app/Controllers/Users.php(15): view('users', Array)
#4 /opt/lampp/htdocs/mesprojets/banquepeupleCodeIgniter/system/CodeIgniter.php(918): App\Controllers\Users->index()
#5 /opt/lampp/htdocs/mesprojets/banquepeupleCodeIgniter/system/CodeIgniter.php(404): CodeIgniter\CodeIgniter->runController(Object(App\Controllers\Users))
#6 /opt/lampp/htdocs/mesprojets/banquepeupleCodeIgniter/system/CodeIgniter.php(312): CodeIgniter\CodeIgniter->handleRequest(NULL, Object(Config\Cache), false)
#7 /opt/lampp/htdocs/mesprojets/banquepeupleCodeIgniter/public/index.php(45): CodeIgniter\CodeIgniter->run()
#8 {main}
CRITICAL - 2020-08-08 14:09:05 --> Invalid file: formulaireClientNonSalarie.php
#0 /opt/lampp/htdocs/mesprojets/banquepeupleCodeIgniter/system/View/View.php(228): CodeIgniter\Exceptions\FrameworkException::forInvalidFile('formulaireClien...')
#1 /opt/lampp/htdocs/mesprojets/banquepeupleCodeIgniter/system/Common.php(1119): CodeIgniter\View\View->render('formulaireClien...', Array, true)
#2 /opt/lampp/htdocs/mesprojets/banquepeupleCodeIgniter/app/Controllers/Users.php(20): view('formulaireClien...')
#3 /opt/lampp/htdocs/mesprojets/banquepeupleCodeIgniter/system/CodeIgniter.php(918): App\Controllers\Users->create()
#4 /opt/lampp/htdocs/mesprojets/banquepeupleCodeIgniter/system/CodeIgniter.php(404): CodeIgniter\CodeIgniter->runController(Object(App\Controllers\Users))
#5 /opt/lampp/htdocs/mesprojets/banquepeupleCodeIgniter/system/CodeIgniter.php(312): CodeIgniter\CodeIgniter->handleRequest(NULL, Object(Config\Cache), false)
#6 /opt/lampp/htdocs/mesprojets/banquepeupleCodeIgniter/public/index.php(45): CodeIgniter\CodeIgniter->run()
#7 {main}
CRITICAL - 2020-08-08 14:26:42 --> Undefined variable: users
#0 /opt/lampp/htdocs/mesprojets/banquepeupleCodeIgniter/app/Views/users.php(31): CodeIgniter\Debug\Exceptions->errorHandler(8, 'Undefined varia...', '/opt/lampp/htdo...', 31, Array)
#1 /opt/lampp/htdocs/mesprojets/banquepeupleCodeIgniter/system/View/View.php(246): include('/opt/lampp/htdo...')
#2 /opt/lampp/htdocs/mesprojets/banquepeupleCodeIgniter/system/Common.php(1119): CodeIgniter\View\View->render('users', Array, true)
#3 /opt/lampp/htdocs/mesprojets/banquepeupleCodeIgniter/app/Controllers/Clientnonsalarie.php(39): view('users')
#4 /opt/lampp/htdocs/mesprojets/banquepeupleCodeIgniter/system/CodeIgniter.php(918): App\Controllers\Clientnonsalarie->addclientnonsalarie()
#5 /opt/lampp/htdocs/mesprojets/banquepeupleCodeIgniter/system/CodeIgniter.php(404): CodeIgniter\CodeIgniter->runController(Object(App\Controllers\Clientnonsalarie))
#6 /opt/lampp/htdocs/mesprojets/banquepeupleCodeIgniter/system/CodeIgniter.php(312): CodeIgniter\CodeIgniter->handleRequest(NULL, Object(Config\Cache), false)
#7 /opt/lampp/htdocs/mesprojets/banquepeupleCodeIgniter/public/index.php(45): CodeIgniter\CodeIgniter->run()
#8 {main}
CRITICAL - 2020-08-08 14:28:46 --> Undefined variable: clientNonSalarie
#0 /opt/lampp/htdocs/mesprojets/banquepeupleCodeIgniter/app/Views/listeclientnonsalarie.php(31): CodeIgniter\Debug\Exceptions->errorHandler(8, 'Undefined varia...', '/opt/lampp/htdo...', 31, Array)
#1 /opt/lampp/htdocs/mesprojets/banquepeupleCodeIgniter/system/View/View.php(246): include('/opt/lampp/htdo...')
#2 /opt/lampp/htdocs/mesprojets/banquepeupleCodeIgniter/system/Common.php(1119): CodeIgniter\View\View->render('listeclientnons...', Array, true)
#3 /opt/lampp/htdocs/mesprojets/banquepeupleCodeIgniter/app/Controllers/Clientnonsalarie.php(39): view('listeclientnons...')
#4 /opt/lampp/htdocs/mesprojets/banquepeupleCodeIgniter/system/CodeIgniter.php(918): App\Controllers\Clientnonsalarie->addclientnonsalarie()
#5 /opt/lampp/htdocs/mesprojets/banquepeupleCodeIgniter/system/CodeIgniter.php(404): CodeIgniter\CodeIgniter->runController(Object(App\Controllers\Clientnonsalarie))
#6 /opt/lampp/htdocs/mesprojets/banquepeupleCodeIgniter/system/CodeIgniter.php(312): CodeIgniter\CodeIgniter->handleRequest(NULL, Object(Config\Cache), false)
#7 /opt/lampp/htdocs/mesprojets/banquepeupleCodeIgniter/public/index.php(45): CodeIgniter\CodeIgniter->run()
#8 {main}
CRITICAL - 2020-08-08 14:29:38 --> Undefined variable: clientNonSalarie
#0 /opt/lampp/htdocs/mesprojets/banquepeupleCodeIgniter/app/Views/listeclientnonsalarie.php(31): CodeIgniter\Debug\Exceptions->errorHandler(8, 'Undefined varia...', '/opt/lampp/htdo...', 31, Array)
#1 /opt/lampp/htdocs/mesprojets/banquepeupleCodeIgniter/system/View/View.php(246): include('/opt/lampp/htdo...')
#2 /opt/lampp/htdocs/mesprojets/banquepeupleCodeIgniter/system/Common.php(1119): CodeIgniter\View\View->render('listeclientnons...', Array, true)
#3 /opt/lampp/htdocs/mesprojets/banquepeupleCodeIgniter/app/Controllers/Clientnonsalarie.php(39): view('listeclientnons...')
#4 /opt/lampp/htdocs/mesprojets/banquepeupleCodeIgniter/system/CodeIgniter.php(918): App\Controllers\Clientnonsalarie->addclientnonsalarie()
#5 /opt/lampp/htdocs/mesprojets/banquepeupleCodeIgniter/system/CodeIgniter.php(404): CodeIgniter\CodeIgniter->runController(Object(App\Controllers\Clientnonsalarie))
#6 /opt/lampp/htdocs/mesprojets/banquepeupleCodeIgniter/system/CodeIgniter.php(312): CodeIgniter\CodeIgniter->handleRequest(NULL, Object(Config\Cache), false)
#7 /opt/lampp/htdocs/mesprojets/banquepeupleCodeIgniter/public/index.php(45): CodeIgniter\CodeIgniter->run()
#8 {main}
CRITICAL - 2020-08-08 14:30:38 --> Undefined variable: clientNonSalarie
#0 /opt/lampp/htdocs/mesprojets/banquepeupleCodeIgniter/app/Views/listeclientnonsalarie.php(31): CodeIgniter\Debug\Exceptions->errorHandler(8, 'Undefined varia...', '/opt/lampp/htdo...', 31, Array)
#1 /opt/lampp/htdocs/mesprojets/banquepeupleCodeIgniter/system/View/View.php(246): include('/opt/lampp/htdo...')
#2 /opt/lampp/htdocs/mesprojets/banquepeupleCodeIgniter/system/Common.php(1119): CodeIgniter\View\View->render('listeclientnons...', Array, true)
#3 /opt/lampp/htdocs/mesprojets/banquepeupleCodeIgniter/app/Controllers/Clientnonsalarie.php(39): view('listeclientnons...')
#4 /opt/lampp/htdocs/mesprojets/banquepeupleCodeIgniter/system/CodeIgniter.php(918): App\Controllers\Clientnonsalarie->addclientnonsalarie()
#5 /opt/lampp/htdocs/mesprojets/banquepeupleCodeIgniter/system/CodeIgniter.php(404): CodeIgniter\CodeIgniter->runController(Object(App\Controllers\Clientnonsalarie))
#6 /opt/lampp/htdocs/mesprojets/banquepeupleCodeIgniter/system/CodeIgniter.php(312): CodeIgniter\CodeIgniter->handleRequest(NULL, Object(Config\Cache), false)
#7 /opt/lampp/htdocs/mesprojets/banquepeupleCodeIgniter/public/index.php(45): CodeIgniter\CodeIgniter->run()
#8 {main}
CRITICAL - 2020-08-08 15:07:50 --> Undefined index: name
#0 /opt/lampp/htdocs/mesprojets/banquepeupleCodeIgniter/app/Views/edit-user.php(29): CodeIgniter\Debug\Exceptions->errorHandler(8, 'Undefined index...', '/opt/lampp/htdo...', 29, Array)
#1 /opt/lampp/htdocs/mesprojets/banquepeupleCodeIgniter/system/View/View.php(246): include('/opt/lampp/htdo...')
#2 /opt/lampp/htdocs/mesprojets/banquepeupleCodeIgniter/system/Common.php(1119): CodeIgniter\View\View->render('edit-user', Array, true)
#3 /opt/lampp/htdocs/mesprojets/banquepeupleCodeIgniter/app/Controllers/Users.php(48): view('edit-user', Array)
#4 /opt/lampp/htdocs/mesprojets/banquepeupleCodeIgniter/system/CodeIgniter.php(918): App\Controllers\Users->edit('1')
#5 /opt/lampp/htdocs/mesprojets/banquepeupleCodeIgniter/system/CodeIgniter.php(404): CodeIgniter\CodeIgniter->runController(Object(App\Controllers\Users))
#6 /opt/lampp/htdocs/mesprojets/banquepeupleCodeIgniter/system/CodeIgniter.php(312): CodeIgniter\CodeIgniter->handleRequest(NULL, Object(Config\Cache), false)
#7 /opt/lampp/htdocs/mesprojets/banquepeupleCodeIgniter/public/index.php(45): CodeIgniter\CodeIgniter->run()
#8 {main}
CRITICAL - 2020-08-08 15:08:56 --> Undefined variable: clientNonSalarie
#0 /opt/lampp/htdocs/mesprojets/banquepeupleCodeIgniter/app/Views/listeclientnonsalarie.php(31): CodeIgniter\Debug\Exceptions->errorHandler(8, 'Undefined varia...', '/opt/lampp/htdo...', 31, Array)
#1 /opt/lampp/htdocs/mesprojets/banquepeupleCodeIgniter/system/View/View.php(246): include('/opt/lampp/htdo...')
#2 /opt/lampp/htdocs/mesprojets/banquepeupleCodeIgniter/system/Common.php(1119): CodeIgniter\View\View->render('listeclientnons...', Array, true)
#3 /opt/lampp/htdocs/mesprojets/banquepeupleCodeIgniter/app/Controllers/Clientnonsalarie.php(39): view('listeclientnons...')
#4 /opt/lampp/htdocs/mesprojets/banquepeupleCodeIgniter/system/CodeIgniter.php(918): App\Controllers\Clientnonsalarie->addclientnonsalarie()
#5 /opt/lampp/htdocs/mesprojets/banquepeupleCodeIgniter/system/CodeIgniter.php(404): CodeIgniter\CodeIgniter->runController(Object(App\Controllers\Clientnonsalarie))
#6 /opt/lampp/htdocs/mesprojets/banquepeupleCodeIgniter/system/CodeIgniter.php(312): CodeIgniter\CodeIgniter->handleRequest(NULL, Object(Config\Cache), false)
#7 /opt/lampp/htdocs/mesprojets/banquepeupleCodeIgniter/public/index.php(45): CodeIgniter\CodeIgniter->run()
#8 {main}
CRITICAL - 2020-08-08 15:13:28 --> Undefined variable: clientnonsalaries
#0 /opt/lampp/htdocs/mesprojets/banquepeupleCodeIgniter/app/Views/listeclientnonsalarie.php(31): CodeIgniter\Debug\Exceptions->errorHandler(8, 'Undefined varia...', '/opt/lampp/htdo...', 31, Array)
#1 /opt/lampp/htdocs/mesprojets/banquepeupleCodeIgniter/system/View/View.php(246): include('/opt/lampp/htdo...')
#2 /opt/lampp/htdocs/mesprojets/banquepeupleCodeIgniter/system/Common.php(1119): CodeIgniter\View\View->render('listeclientnons...', Array, true)
#3 /opt/lampp/htdocs/mesprojets/banquepeupleCodeIgniter/app/Controllers/Clientnonsalarie.php(39): view('listeclientnons...')
#4 /opt/lampp/htdocs/mesprojets/banquepeupleCodeIgniter/system/CodeIgniter.php(918): App\Controllers\Clientnonsalarie->addclientnonsalarie()
#5 /opt/lampp/htdocs/mesprojets/banquepeupleCodeIgniter/system/CodeIgniter.php(404): CodeIgniter\CodeIgniter->runController(Object(App\Controllers\Clientnonsalarie))
#6 /opt/lampp/htdocs/mesprojets/banquepeupleCodeIgniter/system/CodeIgniter.php(312): CodeIgniter\CodeIgniter->handleRequest(NULL, Object(Config\Cache), false)
#7 /opt/lampp/htdocs/mesprojets/banquepeupleCodeIgniter/public/index.php(45): CodeIgniter\CodeIgniter->run()
#8 {main}
CRITICAL - 2020-08-08 16:04:43 --> Undefined property: CodeIgniter\HTTP\IncomingRequest::$1
#0 /opt/lampp/htdocs/mesprojets/banquepeupleCodeIgniter/app/Controllers/Clientnonsalarie.php(35): CodeIgniter\Debug\Exceptions->errorHandler(8, 'Undefined prope...', '/opt/lampp/htdo...', 35, Array)
#1 /opt/lampp/htdocs/mesprojets/banquepeupleCodeIgniter/system/CodeIgniter.php(918): App\Controllers\Clientnonsalarie->addclientnonsalarie()
#2 /opt/lampp/htdocs/mesprojets/banquepeupleCodeIgniter/system/CodeIgniter.php(404): CodeIgniter\CodeIgniter->runController(Object(App\Controllers\Clientnonsalarie))
#3 /opt/lampp/htdocs/mesprojets/banquepeupleCodeIgniter/system/CodeIgniter.php(312): CodeIgniter\CodeIgniter->handleRequest(NULL, Object(Config\Cache), false)
#4 /opt/lampp/htdocs/mesprojets/banquepeupleCodeIgniter/public/index.php(45): CodeIgniter\CodeIgniter->run()
#5 {main}
CRITICAL - 2020-08-08 16:07:23 --> Undefined property: CodeIgniter\HTTP\IncomingRequest::$2020-08-08 04:07:23
#0 /opt/lampp/htdocs/mesprojets/banquepeupleCodeIgniter/app/Controllers/Clientnonsalarie.php(39): CodeIgniter\Debug\Exceptions->errorHandler(8, 'Undefined prope...', '/opt/lampp/htdo...', 39, Array)
#1 /opt/lampp/htdocs/mesprojets/banquepeupleCodeIgniter/system/CodeIgniter.php(918): App\Controllers\Clientnonsalarie->addclientnonsalarie()
#2 /opt/lampp/htdocs/mesprojets/banquepeupleCodeIgniter/system/CodeIgniter.php(404): CodeIgniter\CodeIgniter->runController(Object(App\Controllers\Clientnonsalarie))
#3 /opt/lampp/htdocs/mesprojets/banquepeupleCodeIgniter/system/CodeIgniter.php(312): CodeIgniter\CodeIgniter->handleRequest(NULL, Object(Config\Cache), false)
#4 /opt/lampp/htdocs/mesprojets/banquepeupleCodeIgniter/public/index.php(45): CodeIgniter\CodeIgniter->run()
#5 {main}
CRITICAL - 2020-08-08 16:07:53 --> Column 'date_inscription' cannot be null
#0 /opt/lampp/htdocs/mesprojets/banquepeupleCodeIgniter/system/Database/MySQLi/Connection.php(331): mysqli->query('INSERT INTO `cl...')
#1 /opt/lampp/htdocs/mesprojets/banquepeupleCodeIgniter/system/Database/BaseConnection.php(741): CodeIgniter\Database\MySQLi\Connection->execute('INSERT INTO `cl...')
#2 /opt/lampp/htdocs/mesprojets/banquepeupleCodeIgniter/system/Database/BaseConnection.php(669): CodeIgniter\Database\BaseConnection->simpleQuery('INSERT INTO `cl...')
#3 /opt/lampp/htdocs/mesprojets/banquepeupleCodeIgniter/system/Database/BaseBuilder.php(2249): CodeIgniter\Database\BaseConnection->query('INSERT INTO `cl...', Array, false)
#4 /opt/lampp/htdocs/mesprojets/banquepeupleCodeIgniter/system/Model.php(755): CodeIgniter\Database\BaseBuilder->insert()
#5 /opt/lampp/htdocs/mesprojets/banquepeupleCodeIgniter/app/Controllers/Clientnonsalarie.php(43): CodeIgniter\Model->insert(Array)
#6 /opt/lampp/htdocs/mesprojets/banquepeupleCodeIgniter/system/CodeIgniter.php(918): App\Controllers\Clientnonsalarie->addclientnonsalarie()
#7 /opt/lampp/htdocs/mesprojets/banquepeupleCodeIgniter/system/CodeIgniter.php(404): CodeIgniter\CodeIgniter->runController(Object(App\Controllers\Clientnonsalarie))
#8 /opt/lampp/htdocs/mesprojets/banquepeupleCodeIgniter/system/CodeIgniter.php(312): CodeIgniter\CodeIgniter->handleRequest(NULL, Object(Config\Cache), false)
#9 /opt/lampp/htdocs/mesprojets/banquepeupleCodeIgniter/public/index.php(45): CodeIgniter\CodeIgniter->run()
#10 {main}
CRITICAL - 2020-08-08 16:09:24 --> Column 'date_inscription' cannot be null
#0 /opt/lampp/htdocs/mesprojets/banquepeupleCodeIgniter/system/Database/MySQLi/Connection.php(331): mysqli->query('INSERT INTO `cl...')
#1 /opt/lampp/htdocs/mesprojets/banquepeupleCodeIgniter/system/Database/BaseConnection.php(741): CodeIgniter\Database\MySQLi\Connection->execute('INSERT INTO `cl...')
#2 /opt/lampp/htdocs/mesprojets/banquepeupleCodeIgniter/system/Database/BaseConnection.php(669): CodeIgniter\Database\BaseConnection->simpleQuery('INSERT INTO `cl...')
#3 /opt/lampp/htdocs/mesprojets/banquepeupleCodeIgniter/system/Database/BaseBuilder.php(2249): CodeIgniter\Database\BaseConnection->query('INSERT INTO `cl...', Array, false)
#4 /opt/lampp/htdocs/mesprojets/banquepeupleCodeIgniter/system/Model.php(755): CodeIgniter\Database\BaseBuilder->insert()
#5 /opt/lampp/htdocs/mesprojets/banquepeupleCodeIgniter/app/Controllers/Clientnonsalarie.php(43): CodeIgniter\Model->insert(Array)
#6 /opt/lampp/htdocs/mesprojets/banquepeupleCodeIgniter/system/CodeIgniter.php(918): App\Controllers\Clientnonsalarie->addclientnonsalarie()
#7 /opt/lampp/htdocs/mesprojets/banquepeupleCodeIgniter/system/CodeIgniter.php(404): CodeIgniter\CodeIgniter->runController(Object(App\Controllers\Clientnonsalarie))
#8 /opt/lampp/htdocs/mesprojets/banquepeupleCodeIgniter/system/CodeIgniter.php(312): CodeIgniter\CodeIgniter->handleRequest(NULL, Object(Config\Cache), false)
#9 /opt/lampp/htdocs/mesprojets/banquepeupleCodeIgniter/public/index.php(45): CodeIgniter\CodeIgniter->run()
#10 {main}
CRITICAL - 2020-08-08 16:12:05 --> Column 'date_inscription' cannot be null
#0 /opt/lampp/htdocs/mesprojets/banquepeupleCodeIgniter/system/Database/MySQLi/Connection.php(331): mysqli->query('INSERT INTO `cl...')
#1 /opt/lampp/htdocs/mesprojets/banquepeupleCodeIgniter/system/Database/BaseConnection.php(741): CodeIgniter\Database\MySQLi\Connection->execute('INSERT INTO `cl...')
#2 /opt/lampp/htdocs/mesprojets/banquepeupleCodeIgniter/system/Database/BaseConnection.php(669): CodeIgniter\Database\BaseConnection->simpleQuery('INSERT INTO `cl...')
#3 /opt/lampp/htdocs/mesprojets/banquepeupleCodeIgniter/system/Database/BaseBuilder.php(2249): CodeIgniter\Database\BaseConnection->query('INSERT INTO `cl...', Array, false)
#4 /opt/lampp/htdocs/mesprojets/banquepeupleCodeIgniter/system/Model.php(755): CodeIgniter\Database\BaseBuilder->insert()
#5 /opt/lampp/htdocs/mesprojets/banquepeupleCodeIgniter/app/Controllers/Clientnonsalarie.php(43): CodeIgniter\Model->insert(Array)
#6 /opt/lampp/htdocs/mesprojets/banquepeupleCodeIgniter/system/CodeIgniter.php(918): App\Controllers\Clientnonsalarie->addclientnonsalarie()
#7 /opt/lampp/htdocs/mesprojets/banquepeupleCodeIgniter/system/CodeIgniter.php(404): CodeIgniter\CodeIgniter->runController(Object(App\Controllers\Clientnonsalarie))
#8 /opt/lampp/htdocs/mesprojets/banquepeupleCodeIgniter/system/CodeIgniter.php(312): CodeIgniter\CodeIgniter->handleRequest(NULL, Object(Config\Cache), false)
#9 /opt/lampp/htdocs/mesprojets/banquepeupleCodeIgniter/public/index.php(45): CodeIgniter\CodeIgniter->run()
#10 {main}
CRITICAL - 2020-08-08 18:46:17 --> Undefined variable: type_compte
#0 /opt/lampp/htdocs/mesprojets/banquepeupleCodeIgniter/app/Controllers/Clientnonsalarie.php(33): CodeIgniter\Debug\Exceptions->errorHandler(8, 'Undefined varia...', '/opt/lampp/htdo...', 33, Array)
#1 /opt/lampp/htdocs/mesprojets/banquepeupleCodeIgniter/system/CodeIgniter.php(918): App\Controllers\Clientnonsalarie->addclientnonsalarie()
#2 /opt/lampp/htdocs/mesprojets/banquepeupleCodeIgniter/system/CodeIgniter.php(404): CodeIgniter\CodeIgniter->runController(Object(App\Controllers\Clientnonsalarie))
#3 /opt/lampp/htdocs/mesprojets/banquepeupleCodeIgniter/system/CodeIgniter.php(312): CodeIgniter\CodeIgniter->handleRequest(NULL, Object(Config\Cache), false)
#4 /opt/lampp/htdocs/mesprojets/banquepeupleCodeIgniter/public/index.php(45): CodeIgniter\CodeIgniter->run()
#5 {main}
